<?xml version="1.0" encoding="UTF-8"?>
<coverage generated="1674743253057" clover="3.2.0">
  <project timestamp="1674743253057" name="All files">
    <metrics statements="27" coveredstatements="27" conditionals="23" coveredconditionals="22" methods="5" coveredmethods="5" elements="55" coveredelements="54" complexity="0" loc="27" ncloc="27" packages="1" files="1" classes="1"/>
    <file name="gilded_rose.js" path="/Users/chris/Documents/Makers/week9/gilded_rose_tech_test/src/gilded_rose.js">
      <metrics statements="27" coveredstatements="27" conditionals="23" coveredconditionals="22" methods="5" coveredmethods="5"/>
      <line num="3" count="34" type="stmt"/>
      <line num="4" count="34" type="stmt"/>
      <line num="5" count="34" type="stmt"/>
      <line num="11" count="25" type="stmt"/>
      <line num="14" count="25" type="stmt"/>
      <line num="15" count="34" type="cond" truecount="4" falsecount="0"/>
      <line num="17" count="8" type="stmt"/>
      <line num="18" count="8" type="cond" truecount="2" falsecount="0"/>
      <line num="19" count="7" type="cond" truecount="2" falsecount="0"/>
      <line num="21" count="8" type="stmt"/>
      <line num="23" count="12" type="stmt"/>
      <line num="24" count="12" type="cond" truecount="4" falsecount="0"/>
      <line num="25" count="10" type="stmt"/>
      <line num="26" count="2" type="cond" truecount="2" falsecount="0"/>
      <line num="27" count="1" type="stmt"/>
      <line num="29" count="12" type="stmt"/>
      <line num="31" count="6" type="stmt"/>
      <line num="33" count="8" type="stmt"/>
      <line num="34" count="8" type="cond" truecount="2" falsecount="0"/>
      <line num="35" count="5" type="cond" truecount="2" falsecount="0"/>
      <line num="88" count="25" type="stmt"/>
      <line num="92" count="10" type="cond" truecount="2" falsecount="0"/>
      <line num="93" count="1" type="stmt"/>
      <line num="94" count="9" type="cond" truecount="2" falsecount="0"/>
      <line num="95" count="6" type="stmt"/>
      <line num="97" count="3" type="stmt"/>
      <line num="102" count="1" type="stmt"/>
    </file>
  </project>
</coverage>
