<?xml version="1.0" encoding="UTF-8"?>
<coverage generated="1674743610494" clover="3.2.0">
  <project timestamp="1674743610494" name="All files">
    <metrics statements="29" coveredstatements="29" conditionals="23" coveredconditionals="22" methods="7" coveredmethods="7" elements="59" coveredelements="58" complexity="0" loc="29" ncloc="29" packages="1" files="1" classes="1"/>
    <file name="gilded_rose.js" path="/Users/chris/Documents/Makers/week9/gilded_rose_tech_test/src/gilded_rose.js">
      <metrics statements="29" coveredstatements="29" conditionals="23" coveredconditionals="22" methods="7" coveredmethods="7"/>
      <line num="3" count="34" type="stmt"/>
      <line num="4" count="34" type="stmt"/>
      <line num="5" count="34" type="stmt"/>
      <line num="11" count="25" type="stmt"/>
      <line num="14" count="25" type="stmt"/>
      <line num="15" count="34" type="cond" truecount="4" falsecount="0"/>
      <line num="17" count="8" type="stmt"/>
      <line num="18" count="8" type="stmt"/>
      <line num="20" count="12" type="stmt"/>
      <line num="21" count="12" type="stmt"/>
      <line num="23" count="6" type="stmt"/>
      <line num="25" count="8" type="stmt"/>
      <line num="26" count="8" type="cond" truecount="2" falsecount="0"/>
      <line num="27" count="5" type="cond" truecount="2" falsecount="0"/>
      <line num="32" count="25" type="stmt"/>
      <line num="36" count="8" type="stmt"/>
      <line num="37" count="8" type="cond" truecount="2" falsecount="0"/>
      <line num="38" count="7" type="cond" truecount="2" falsecount="0"/>
      <line num="43" count="12" type="stmt"/>
      <line num="44" count="12" type="cond" truecount="4" falsecount="0"/>
      <line num="45" count="10" type="stmt"/>
      <line num="46" count="2" type="cond" truecount="2" falsecount="0"/>
      <line num="47" count="1" type="stmt"/>
      <line num="52" count="10" type="cond" truecount="2" falsecount="0"/>
      <line num="53" count="1" type="stmt"/>
      <line num="54" count="9" type="cond" truecount="2" falsecount="0"/>
      <line num="55" count="6" type="stmt"/>
      <line num="57" count="3" type="stmt"/>
      <line num="62" count="1" type="stmt"/>
    </file>
  </project>
</coverage>
