{"/Users/chris/Documents/Makers/week9/gilded_rose_tech_test/src/gilded_rose.js": {"path":"/Users/chris/Documents/Makers/week9/gilded_rose_tech_test/src/gilded_rose.js","statementMap":{"0":{"start":{"line":3,"column":4},"end":{"line":3,"column":21}},"1":{"start":{"line":4,"column":4},"end":{"line":4,"column":25}},"2":{"start":{"line":5,"column":4},"end":{"line":5,"column":27}},"3":{"start":{"line":11,"column":4},"end":{"line":11,"column":23}},"4":{"start":{"line":14,"column":4},"end":{"line":36,"column":6}},"5":{"start":{"line":15,"column":6},"end":{"line":29,"column":7}},"6":{"start":{"line":17,"column":10},"end":{"line":17,"column":37}},"7":{"start":{"line":18,"column":10},"end":{"line":18,"column":15}},"8":{"start":{"line":20,"column":10},"end":{"line":20,"column":42}},"9":{"start":{"line":21,"column":10},"end":{"line":21,"column":15}},"10":{"start":{"line":23,"column":10},"end":{"line":23,"column":15}},"11":{"start":{"line":25,"column":10},"end":{"line":25,"column":37}},"12":{"start":{"line":26,"column":10},"end":{"line":26,"column":15}},"13":{"start":{"line":28,"column":10},"end":{"line":28,"column":39}},"14":{"start":{"line":31,"column":6},"end":{"line":35,"column":7}},"15":{"start":{"line":32,"column":8},"end":{"line":32,"column":24}},"16":{"start":{"line":33,"column":13},"end":{"line":35,"column":7}},"17":{"start":{"line":34,"column":8},"end":{"line":34,"column":25}},"18":{"start":{"line":38,"column":4},"end":{"line":38,"column":22}},"19":{"start":{"line":84,"column":4},"end":{"line":84,"column":20}},"20":{"start":{"line":85,"column":4},"end":{"line":87,"column":5}},"21":{"start":{"line":86,"column":6},"end":{"line":86,"column":61}},"22":{"start":{"line":93,"column":4},"end":{"line":93,"column":20}},"23":{"start":{"line":94,"column":4},"end":{"line":98,"column":5}},"24":{"start":{"line":95,"column":6},"end":{"line":95,"column":56}},"25":{"start":{"line":96,"column":11},"end":{"line":98,"column":5}},"26":{"start":{"line":97,"column":6},"end":{"line":97,"column":22}},"27":{"start":{"line":102,"column":4},"end":{"line":108,"column":5}},"28":{"start":{"line":103,"column":6},"end":{"line":103,"column":14}},"29":{"start":{"line":104,"column":11},"end":{"line":108,"column":5}},"30":{"start":{"line":105,"column":6},"end":{"line":105,"column":14}},"31":{"start":{"line":107,"column":6},"end":{"line":107,"column":14}},"32":{"start":{"line":114,"column":4},"end":{"line":114,"column":19}},"33":{"start":{"line":115,"column":4},"end":{"line":117,"column":5}},"34":{"start":{"line":116,"column":6},"end":{"line":116,"column":61}},"35":{"start":{"line":123,"column":4},"end":{"line":125,"column":5}},"36":{"start":{"line":123,"column":17},"end":{"line":123,"column":18}},"37":{"start":{"line":124,"column":6},"end":{"line":124,"column":35}},"38":{"start":{"line":126,"column":4},"end":{"line":126,"column":20}},"39":{"start":{"line":130,"column":0},"end":{"line":133,"column":1}}},"fnMap":{"0":{"name":"(anonymous_0)","decl":{"start":{"line":2,"column":2},"end":{"line":2,"column":3}},"loc":{"start":{"line":2,"column":36},"end":{"line":6,"column":3}},"line":2},"1":{"name":"(anonymous_1)","decl":{"start":{"line":10,"column":2},"end":{"line":10,"column":3}},"loc":{"start":{"line":10,"column":23},"end":{"line":12,"column":3}},"line":10},"2":{"name":"(anonymous_2)","decl":{"start":{"line":13,"column":2},"end":{"line":13,"column":3}},"loc":{"start":{"line":13,"column":18},"end":{"line":39,"column":3}},"line":13},"3":{"name":"(anonymous_3)","decl":{"start":{"line":14,"column":23},"end":{"line":14,"column":24}},"loc":{"start":{"line":14,"column":31},"end":{"line":36,"column":5}},"line":14},"4":{"name":"(anonymous_4)","decl":{"start":{"line":83,"column":2},"end":{"line":83,"column":3}},"loc":{"start":{"line":83,"column":15},"end":{"line":88,"column":3}},"line":83},"5":{"name":"(anonymous_5)","decl":{"start":{"line":92,"column":2},"end":{"line":92,"column":3}},"loc":{"start":{"line":92,"column":15},"end":{"line":99,"column":3}},"line":92},"6":{"name":"(anonymous_6)","decl":{"start":{"line":101,"column":2},"end":{"line":101,"column":3}},"loc":{"start":{"line":101,"column":27},"end":{"line":109,"column":3}},"line":101},"7":{"name":"(anonymous_7)","decl":{"start":{"line":113,"column":2},"end":{"line":113,"column":3}},"loc":{"start":{"line":113,"column":15},"end":{"line":118,"column":3}},"line":113},"8":{"name":"(anonymous_8)","decl":{"start":{"line":122,"column":2},"end":{"line":122,"column":3}},"loc":{"start":{"line":122,"column":15},"end":{"line":127,"column":3}},"line":122}},"branchMap":{"0":{"loc":{"start":{"line":10,"column":14},"end":{"line":10,"column":22}},"type":"default-arg","locations":[{"start":{"line":10,"column":20},"end":{"line":10,"column":22}}],"line":10},"1":{"loc":{"start":{"line":15,"column":6},"end":{"line":29,"column":7}},"type":"switch","locations":[{"start":{"line":16,"column":8},"end":{"line":18,"column":15}},{"start":{"line":19,"column":8},"end":{"line":21,"column":15}},{"start":{"line":22,"column":8},"end":{"line":23,"column":15}},{"start":{"line":24,"column":8},"end":{"line":26,"column":15}},{"start":{"line":27,"column":8},"end":{"line":28,"column":39}}],"line":15},"2":{"loc":{"start":{"line":31,"column":6},"end":{"line":35,"column":7}},"type":"if","locations":[{"start":{"line":31,"column":6},"end":{"line":35,"column":7}},{"start":{"line":31,"column":6},"end":{"line":35,"column":7}}],"line":31},"3":{"loc":{"start":{"line":33,"column":13},"end":{"line":35,"column":7}},"type":"if","locations":[{"start":{"line":33,"column":13},"end":{"line":35,"column":7}},{"start":{"line":33,"column":13},"end":{"line":35,"column":7}}],"line":33},"4":{"loc":{"start":{"line":85,"column":4},"end":{"line":87,"column":5}},"type":"if","locations":[{"start":{"line":85,"column":4},"end":{"line":87,"column":5}},{"start":{"line":85,"column":4},"end":{"line":87,"column":5}}],"line":85},"5":{"loc":{"start":{"line":86,"column":6},"end":{"line":86,"column":61}},"type":"cond-expr","locations":[{"start":{"line":86,"column":24},"end":{"line":86,"column":41}},{"start":{"line":86,"column":44},"end":{"line":86,"column":61}}],"line":86},"6":{"loc":{"start":{"line":94,"column":4},"end":{"line":98,"column":5}},"type":"if","locations":[{"start":{"line":94,"column":4},"end":{"line":98,"column":5}},{"start":{"line":94,"column":4},"end":{"line":98,"column":5}}],"line":94},"7":{"loc":{"start":{"line":94,"column":8},"end":{"line":94,"column":45}},"type":"binary-expr","locations":[{"start":{"line":94,"column":8},"end":{"line":94,"column":25}},{"start":{"line":94,"column":29},"end":{"line":94,"column":45}}],"line":94},"8":{"loc":{"start":{"line":96,"column":11},"end":{"line":98,"column":5}},"type":"if","locations":[{"start":{"line":96,"column":11},"end":{"line":98,"column":5}},{"start":{"line":96,"column":11},"end":{"line":98,"column":5}}],"line":96},"9":{"loc":{"start":{"line":102,"column":4},"end":{"line":108,"column":5}},"type":"if","locations":[{"start":{"line":102,"column":4},"end":{"line":108,"column":5}},{"start":{"line":102,"column":4},"end":{"line":108,"column":5}}],"line":102},"10":{"loc":{"start":{"line":104,"column":11},"end":{"line":108,"column":5}},"type":"if","locations":[{"start":{"line":104,"column":11},"end":{"line":108,"column":5}},{"start":{"line":104,"column":11},"end":{"line":108,"column":5}}],"line":104},"11":{"loc":{"start":{"line":115,"column":4},"end":{"line":117,"column":5}},"type":"if","locations":[{"start":{"line":115,"column":4},"end":{"line":117,"column":5}},{"start":{"line":115,"column":4},"end":{"line":117,"column":5}}],"line":115},"12":{"loc":{"start":{"line":116,"column":6},"end":{"line":116,"column":61}},"type":"cond-expr","locations":[{"start":{"line":116,"column":24},"end":{"line":116,"column":41}},{"start":{"line":116,"column":44},"end":{"line":116,"column":61}}],"line":116}},"s":{"0":41,"1":41,"2":41,"3":32,"4":32,"5":41,"6":9,"7":9,"8":13,"9":13,"10":6,"11":5,"12":5,"13":8,"14":41,"15":1,"16":40,"17":2,"18":32,"19":9,"20":9,"21":8,"22":13,"23":13,"24":11,"25":2,"26":1,"27":11,"28":1,"29":10,"30":6,"31":4,"32":18,"33":18,"34":14,"35":5,"36":5,"37":10,"38":5,"39":1},"f":{"0":41,"1":32,"2":32,"3":41,"4":9,"5":13,"6":11,"7":18,"8":5},"b":{"0":[0],"1":[9,13,6,5,8],"2":[1,40],"3":[2,38],"4":[8,1],"5":[3,5],"6":[11,2],"7":[13,12],"8":[1,1],"9":[1,10],"10":[6,4],"11":[14,4],"12":[10,4]},"_coverageSchema":"43e27e138ebf9cfc5966b082cf9a028302ed4184","hash":"d2c46e0f92c5bd129ac02767b3b39f49bfe1b095"}
}
