{"/Users/chris/Documents/Makers/week9/gilded_rose_tech_test/src/gilded_rose.js": {"path":"/Users/chris/Documents/Makers/week9/gilded_rose_tech_test/src/gilded_rose.js","statementMap":{"0":{"start":{"line":3,"column":4},"end":{"line":3,"column":21}},"1":{"start":{"line":4,"column":4},"end":{"line":4,"column":25}},"2":{"start":{"line":5,"column":4},"end":{"line":5,"column":27}},"3":{"start":{"line":11,"column":4},"end":{"line":11,"column":23}},"4":{"start":{"line":15,"column":4},"end":{"line":39,"column":6}},"5":{"start":{"line":16,"column":6},"end":{"line":38,"column":7}},"6":{"start":{"line":18,"column":10},"end":{"line":18,"column":26}},"7":{"start":{"line":19,"column":10},"end":{"line":21,"column":11}},"8":{"start":{"line":20,"column":12},"end":{"line":20,"column":67}},"9":{"start":{"line":22,"column":10},"end":{"line":22,"column":15}},"10":{"start":{"line":24,"column":10},"end":{"line":24,"column":26}},"11":{"start":{"line":25,"column":10},"end":{"line":29,"column":11}},"12":{"start":{"line":26,"column":12},"end":{"line":26,"column":68}},"13":{"start":{"line":27,"column":17},"end":{"line":29,"column":11}},"14":{"start":{"line":28,"column":12},"end":{"line":28,"column":28}},"15":{"start":{"line":30,"column":10},"end":{"line":30,"column":15}},"16":{"start":{"line":32,"column":10},"end":{"line":32,"column":15}},"17":{"start":{"line":34,"column":10},"end":{"line":34,"column":26}},"18":{"start":{"line":35,"column":10},"end":{"line":37,"column":11}},"19":{"start":{"line":36,"column":12},"end":{"line":36,"column":67}},"20":{"start":{"line":88,"column":4},"end":{"line":88,"column":22}},"21":{"start":{"line":92,"column":4},"end":{"line":98,"column":5}},"22":{"start":{"line":93,"column":6},"end":{"line":93,"column":14}},"23":{"start":{"line":94,"column":11},"end":{"line":98,"column":5}},"24":{"start":{"line":95,"column":6},"end":{"line":95,"column":14}},"25":{"start":{"line":97,"column":6},"end":{"line":97,"column":14}},"26":{"start":{"line":102,"column":0},"end":{"line":105,"column":1}}},"fnMap":{"0":{"name":"(anonymous_0)","decl":{"start":{"line":2,"column":2},"end":{"line":2,"column":3}},"loc":{"start":{"line":2,"column":36},"end":{"line":6,"column":3}},"line":2},"1":{"name":"(anonymous_1)","decl":{"start":{"line":10,"column":2},"end":{"line":10,"column":3}},"loc":{"start":{"line":10,"column":23},"end":{"line":12,"column":3}},"line":10},"2":{"name":"(anonymous_2)","decl":{"start":{"line":13,"column":2},"end":{"line":13,"column":3}},"loc":{"start":{"line":13,"column":18},"end":{"line":89,"column":3}},"line":13},"3":{"name":"(anonymous_3)","decl":{"start":{"line":15,"column":23},"end":{"line":15,"column":24}},"loc":{"start":{"line":15,"column":31},"end":{"line":39,"column":5}},"line":15},"4":{"name":"(anonymous_4)","decl":{"start":{"line":91,"column":2},"end":{"line":91,"column":3}},"loc":{"start":{"line":91,"column":33},"end":{"line":99,"column":3}},"line":91}},"branchMap":{"0":{"loc":{"start":{"line":10,"column":14},"end":{"line":10,"column":22}},"type":"default-arg","locations":[{"start":{"line":10,"column":20},"end":{"line":10,"column":22}}],"line":10},"1":{"loc":{"start":{"line":16,"column":6},"end":{"line":38,"column":7}},"type":"switch","locations":[{"start":{"line":17,"column":8},"end":{"line":22,"column":15}},{"start":{"line":23,"column":8},"end":{"line":30,"column":15}},{"start":{"line":31,"column":8},"end":{"line":32,"column":15}},{"start":{"line":33,"column":8},"end":{"line":37,"column":11}}],"line":16},"2":{"loc":{"start":{"line":19,"column":10},"end":{"line":21,"column":11}},"type":"if","locations":[{"start":{"line":19,"column":10},"end":{"line":21,"column":11}},{"start":{"line":19,"column":10},"end":{"line":21,"column":11}}],"line":19},"3":{"loc":{"start":{"line":20,"column":12},"end":{"line":20,"column":67}},"type":"cond-expr","locations":[{"start":{"line":20,"column":30},"end":{"line":20,"column":47}},{"start":{"line":20,"column":50},"end":{"line":20,"column":67}}],"line":20},"4":{"loc":{"start":{"line":25,"column":10},"end":{"line":29,"column":11}},"type":"if","locations":[{"start":{"line":25,"column":10},"end":{"line":29,"column":11}},{"start":{"line":25,"column":10},"end":{"line":29,"column":11}}],"line":25},"5":{"loc":{"start":{"line":25,"column":14},"end":{"line":25,"column":51}},"type":"binary-expr","locations":[{"start":{"line":25,"column":14},"end":{"line":25,"column":31}},{"start":{"line":25,"column":35},"end":{"line":25,"column":51}}],"line":25},"6":{"loc":{"start":{"line":27,"column":17},"end":{"line":29,"column":11}},"type":"if","locations":[{"start":{"line":27,"column":17},"end":{"line":29,"column":11}},{"start":{"line":27,"column":17},"end":{"line":29,"column":11}}],"line":27},"7":{"loc":{"start":{"line":35,"column":10},"end":{"line":37,"column":11}},"type":"if","locations":[{"start":{"line":35,"column":10},"end":{"line":37,"column":11}},{"start":{"line":35,"column":10},"end":{"line":37,"column":11}}],"line":35},"8":{"loc":{"start":{"line":36,"column":12},"end":{"line":36,"column":67}},"type":"cond-expr","locations":[{"start":{"line":36,"column":30},"end":{"line":36,"column":47}},{"start":{"line":36,"column":50},"end":{"line":36,"column":67}}],"line":36},"9":{"loc":{"start":{"line":92,"column":4},"end":{"line":98,"column":5}},"type":"if","locations":[{"start":{"line":92,"column":4},"end":{"line":98,"column":5}},{"start":{"line":92,"column":4},"end":{"line":98,"column":5}}],"line":92},"10":{"loc":{"start":{"line":94,"column":11},"end":{"line":98,"column":5}},"type":"if","locations":[{"start":{"line":94,"column":11},"end":{"line":98,"column":5}},{"start":{"line":94,"column":11},"end":{"line":98,"column":5}}],"line":94}},"s":{"0":22,"1":22,"2":22,"3":22,"4":22,"5":22,"6":5,"7":5,"8":4,"9":5,"10":9,"11":9,"12":7,"13":2,"14":1,"15":9,"16":3,"17":5,"18":5,"19":3,"20":22,"21":7,"22":1,"23":6,"24":4,"25":2,"26":1},"f":{"0":22,"1":22,"2":22,"3":22,"4":7},"b":{"0":[0],"1":[5,9,3,5],"2":[4,1],"3":[2,2],"4":[7,2],"5":[9,8],"6":[1,1],"7":[3,2],"8":[2,1],"9":[1,6],"10":[4,2]},"_coverageSchema":"43e27e138ebf9cfc5966b082cf9a028302ed4184","hash":"500a6783b07b02712110ba350f261446ed5966e5"}
}
