TN:
SF:/Users/chris/Documents/Makers/week9/gilded_rose_tech_test/src/gilded_rose.js
FN:2,(anonymous_0)
FN:10,(anonymous_1)
FN:13,(anonymous_2)
FN:14,(anonymous_3)
FN:35,(anonymous_4)
FN:42,(anonymous_5)
FN:51,(anonymous_6)
FNF:7
FNH:7
FNDA:34,(anonymous_0)
FNDA:25,(anonymous_1)
FNDA:25,(anonymous_2)
FNDA:34,(anonymous_3)
FNDA:8,(anonymous_4)
FNDA:12,(anonymous_5)
FNDA:10,(anonymous_6)
DA:3,34
DA:4,34
DA:5,34
DA:11,25
DA:14,25
DA:15,34
DA:17,8
DA:18,8
DA:20,12
DA:21,12
DA:23,6
DA:25,8
DA:26,8
DA:27,5
DA:32,25
DA:36,8
DA:37,8
DA:38,7
DA:43,12
DA:44,12
DA:45,10
DA:46,2
DA:47,1
DA:52,10
DA:53,1
DA:54,9
DA:55,6
DA:57,3
DA:62,1
LF:29
LH:29
BRDA:10,0,0,0
BRDA:15,1,0,8
BRDA:15,1,1,12
BRDA:15,1,2,6
BRDA:15,1,3,8
BRDA:26,2,0,5
BRDA:26,2,1,3
BRDA:27,3,0,4
BRDA:27,3,1,1
BRDA:37,4,0,7
BRDA:37,4,1,1
BRDA:38,5,0,2
BRDA:38,5,1,5
BRDA:44,6,0,10
BRDA:44,6,1,2
BRDA:44,7,0,12
BRDA:44,7,1,11
BRDA:46,8,0,1
BRDA:46,8,1,1
BRDA:52,9,0,1
BRDA:52,9,1,9
BRDA:54,10,0,6
BRDA:54,10,1,3
BRF:23
BRH:22
end_of_record
