TN:
SF:/Users/chris/Documents/Makers/week9/gilded_rose_tech_test/src/gilded_rose.js
FN:2,(anonymous_0)
FN:10,(anonymous_1)
FN:13,(anonymous_2)
FN:14,(anonymous_3)
FN:41,(anonymous_4)
FN:48,(anonymous_5)
FN:57,(anonymous_6)
FN:67,(anonymous_7)
FN:74,(anonymous_8)
FNF:9
FNH:9
FNDA:38,(anonymous_0)
FNDA:29,(anonymous_1)
FNDA:29,(anonymous_2)
FNDA:38,(anonymous_3)
FNDA:8,(anonymous_4)
FNDA:12,(anonymous_5)
FNDA:10,(anonymous_6)
FNDA:16,(anonymous_7)
FNDA:4,(anonymous_8)
DA:3,38
DA:4,38
DA:5,38
DA:11,29
DA:14,29
DA:15,38
DA:17,8
DA:18,8
DA:20,12
DA:21,12
DA:23,6
DA:25,4
DA:26,4
DA:28,8
DA:31,38
DA:32,0
DA:33,38
DA:34,0
DA:38,29
DA:42,8
DA:43,8
DA:44,7
DA:49,12
DA:50,12
DA:51,10
DA:52,2
DA:53,1
DA:58,10
DA:59,1
DA:60,9
DA:61,6
DA:63,3
DA:68,16
DA:69,16
DA:70,13
DA:75,4
DA:76,8
DA:78,4
DA:82,1
LF:39
LH:37
BRDA:10,0,0,0
BRDA:15,1,0,8
BRDA:15,1,1,12
BRDA:15,1,2,6
BRDA:15,1,3,4
BRDA:15,1,4,8
BRDA:31,2,0,0
BRDA:31,2,1,38
BRDA:33,3,0,0
BRDA:33,3,1,38
BRDA:43,4,0,7
BRDA:43,4,1,1
BRDA:44,5,0,2
BRDA:44,5,1,5
BRDA:50,6,0,10
BRDA:50,6,1,2
BRDA:50,7,0,12
BRDA:50,7,1,11
BRDA:52,8,0,1
BRDA:52,8,1,1
BRDA:58,9,0,1
BRDA:58,9,1,9
BRDA:60,10,0,6
BRDA:60,10,1,3
BRDA:69,11,0,13
BRDA:69,11,1,3
BRDA:70,12,0,10
BRDA:70,12,1,3
BRF:28
BRH:25
end_of_record
